0 info it worked if it ends with ok
1 verbose cli [ 'c:\\Program Files\\nodejs\\node.exe',
1 verbose cli   'c:\\Program Files\\nodejs\\node_modules\\npm\\bin\\npm-cli.js',
1 verbose cli   'install',
1 verbose cli   'path/to/node-mongodb-native' ]
2 info using npm@1.2.2
3 info using node@v0.8.18
4 verbose read json c:\Users\Cat\Dropbox\EECE 496\wotk_handler\package.json
5 warn package.json application-name@0.0.1 No README.md file found!
6 verbose read json c:\Users\Cat\Dropbox\EECE 496\wotk_handler\node_modules\express\package.json
7 verbose read json c:\Users\Cat\Dropbox\EECE 496\wotk_handler\node_modules\jade\package.json
8 verbose read json c:\Users\Cat\Dropbox\EECE 496\wotk_handler\node_modules\mongodb\package.json
9 verbose read json c:\Users\Cat\Dropbox\EECE 496\wotk_handler\node_modules\mongoose\package.json
10 verbose read json c:\Users\Cat\Dropbox\EECE 496\wotk_handler\node_modules\node-sqlite3\package.json
11 verbose read json c:\Users\Cat\Dropbox\EECE 496\wotk_handler\node_modules\sqlite3\package.json
12 verbose from cache c:\Users\Cat\Dropbox\EECE 496\wotk_handler\package.json
13 verbose readDependencies using package.json deps
14 verbose cache add [ 'path/to/node-mongodb-native', null ]
15 verbose cache add name=undefined spec="path/to/node-mongodb-native" args=["path/to/node-mongodb-native",null]
16 verbose parsed url { pathname: 'path/to/node-mongodb-native',
16 verbose parsed url   path: 'path/to/node-mongodb-native',
16 verbose parsed url   href: 'path/to/node-mongodb-native' }
17 silly lockFile 8b1aac59-path-to-node-mongodb-native path/to/node-mongodb-native
18 verbose lock path/to/node-mongodb-native C:\Users\Cat\AppData\Roaming\npm-cache\8b1aac59-path-to-node-mongodb-native.lock
19 silly lockFile 8b1aac59-path-to-node-mongodb-native path/to/node-mongodb-native
20 error addLocal Could not install path/to/node-mongodb-native
21 error Error: ENOENT, stat 'c:\Users\Cat\Dropbox\EECE 496\wotk_handler\path\to\node-mongodb-native'
22 error If you need help, you may report this log at:
22 error     <http://github.com/isaacs/npm/issues>
22 error or email it to:
22 error     <npm-@googlegroups.com>
23 error System Windows_NT 6.1.7601
24 error command "c:\\Program Files\\nodejs\\node.exe" "c:\\Program Files\\nodejs\\node_modules\\npm\\bin\\npm-cli.js" "install" "path/to/node-mongodb-native"
25 error cwd c:\Users\Cat\Dropbox\EECE 496\wotk_handler
26 error node -v v0.8.18
27 error npm -v 1.2.2
28 error path c:\Users\Cat\Dropbox\EECE 496\wotk_handler\path\to\node-mongodb-native
29 error code ENOENT
30 error errno 34
31 verbose exit [ 34, true ]
